app/build/outputs/logs/manifest-merger-debug-report.txt
-- Merging decision tree log ---
manifest
ADDED from src\main\AndroidManifest.xml:1:1-42:12
	package
		ADDED from src\main\AndroidManifest.xml:2:5-42
		INJECTED from src\main\AndroidManifest.xml
		INJECTED from src\main\AndroidManifest.xml
	android:versionName
		ADDED from src\main\AndroidManifest.xml:4:5-30
		INJECTED from src\main\AndroidManifest.xml
		INJECTED from src\main\AndroidManifest.xml
	android:versionCode
		ADDED from src\main\AndroidManifest.xml:3:5-28
		INJECTED from src\main\AndroidManifest.xml
		INJECTED from src\main\AndroidManifest.xml
	xmlns:android
		ADDED from src\main\AndroidManifest.xml:1:11-69
uses-sdk
ADDED from src\main\AndroidManifest.xml:6:5-8:41
	android:targetSdkVersion
		ADDED from src\main\AndroidManifest.xml:8:9-38
		INJECTED from src\main\AndroidManifest.xml
		INJECTED from src\main\AndroidManifest.xml
	android:minSdkVersion
		ADDED from src\main\AndroidManifest.xml:7:9-35
		INJECTED from src\main\AndroidManifest.xml
		INJECTED from src\main\AndroidManifest.xml
uses-permission#android.permission.INTERNET
ADDED from src\main\AndroidManifest.xml:9:5-66
	android:name
		ADDED from src\main\AndroidManifest.xml:9:22-64
uses-permission#android.permission.ACCESS_FINE_LOCATION
ADDED from src\main\AndroidManifest.xml:10:5-79
	android:name
		ADDED from src\main\AndroidManifest.xml:10:22-76
uses-permission#android.permission.CAMERA
ADDED from src\main\AndroidManifest.xml:11:5-64
	android:name
		ADDED from src\main\AndroidManifest.xml:11:22-62
uses-feature#android.hardware.usb.accessory
ADDED from src\main\AndroidManifest.xml:13:5-67
	android:name
		ADDED from src\main\AndroidManifest.xml:13:19-64
uses-feature#android.hardware.camera
ADDED from src\main\AndroidManifest.xml:14:5-60
	android:name
		ADDED from src\main\AndroidManifest.xml:14:19-57
uses-feature#android.hardware.camera.autofocus
ADDED from src\main\AndroidManifest.xml:15:5-70
	android:name
		ADDED from src\main\AndroidManifest.xml:15:19-67
application
ADDED from src\main\AndroidManifest.xml:17:5-40:19
	android:label
		ADDED from src\main\AndroidManifest.xml:19:9-41
	android:allowBackup
		ADDED from src\main\AndroidManifest.xml:21:9-35
	android:icon
		ADDED from src\main\AndroidManifest.xml:18:9-45
	android:theme
		ADDED from src\main\AndroidManifest.xml:20:9-40
activity#com.romainflash.androcopter.QuadcopterActivity
ADDED from src\main\AndroidManifest.xml:22:9-39:20
	android:screenOrientation
		ADDED from src\main\AndroidManifest.xml:25:13-49
	android:label
		ADDED from src\main\AndroidManifest.xml:24:13-56
	android:launchMode
		ADDED from src\main\AndroidManifest.xml:27:13-48
	android:taskAffinity
		ADDED from src\main\AndroidManifest.xml:26:13-36
	android:name
		ADDED from src\main\AndroidManifest.xml:23:13-47
intent-filter#android.intent.action.MAIN+android.intent.category.LAUNCHER
ADDED from src\main\AndroidManifest.xml:28:13-31:29
action#android.intent.action.MAIN
ADDED from src\main\AndroidManifest.xml:29:17-69
	android:name
		ADDED from src\main\AndroidManifest.xml:29:25-66
category#android.intent.category.LAUNCHER
ADDED from src\main\AndroidManifest.xml:30:17-77
	android:name
		ADDED from src\main\AndroidManifest.xml:30:27-74
intent-filter#android.hardware.usb.action.USB_ACCESSORY_ATTACHED
ADDED from src\main\AndroidManifest.xml:34:13-36:29
action#android.hardware.usb.action.USB_ACCESSORY_ATTACHED
ADDED from src\main\AndroidManifest.xml:35:17-93
	android:name
		ADDED from src\main\AndroidManifest.xml:35:25-90
meta-data#android.hardware.usb.action.USB_ACCESSORY_ATTACHED
ADDED from src\main\AndroidManifest.xml:37:13-38:60
	android:resource
		ADDED from src\main\AndroidManifest.xml:38:17-57
	android:name
		ADDED from src\main\AndroidManifest.xml:37:24-89